Start testing: Oct 26 13:43 +03
----------------------------------------------------------
1/1 Testing: MyTest
1/1 Test: MyTest
Command: "/home/glebas/Desktop/ППОИС/lab1/build/my_tests"
Directory: /home/glebas/Desktop/ППОИС/lab1/build
"MyTest" start time: Oct 26 13:43 +03
Output:
----------------------------------------------------------
Running tests...
[==========] Running 8 tests from 1 test suite.
[----------] Global test environment set-up.
[----------] 8 tests from RectangleTest
[ RUN      ] RectangleTest.Move
[       OK ] RectangleTest.Move (0 ms)
[ RUN      ] RectangleTest.Resize
[       OK ] RectangleTest.Resize (0 ms)
[ RUN      ] RectangleTest.Increment
[       OK ] RectangleTest.Increment (0 ms)
[ RUN      ] RectangleTest.Decrement
[       OK ] RectangleTest.Decrement (0 ms)
[ RUN      ] RectangleTest.Addition
[       OK ] RectangleTest.Addition (0 ms)
[ RUN      ] RectangleTest.CompoundAddition
[       OK ] RectangleTest.CompoundAddition (0 ms)
[ RUN      ] RectangleTest.Subtraction
[       OK ] RectangleTest.Subtraction (0 ms)
[ RUN      ] RectangleTest.CompoundSubtraction
[       OK ] RectangleTest.CompoundSubtraction (0 ms)
[----------] 8 tests from RectangleTest (0 ms total)

[----------] Global test environment tear-down
[==========] 8 tests from 1 test suite ran. (0 ms total)
[  PASSED  ] 8 tests.
<end of output>
Test time =   0.01 sec
----------------------------------------------------------
Test Passed.
"MyTest" end time: Oct 26 13:43 +03
"MyTest" time elapsed: 00:00:00
----------------------------------------------------------

End testing: Oct 26 13:43 +03
