Start testing: Nov 23 09:45 +03
----------------------------------------------------------
1/1 Testing: MyTest
1/1 Test: MyTest
Command: "/home/glebas/Desktop/ППОИС/lab3/build/my_tests"
Directory: /home/glebas/Desktop/ППОИС/lab3/build
"MyTest" start time: Nov 23 09:45 +03
Output:
----------------------------------------------------------
Running tests...
[==========] Running 13 tests from 13 test suites.
[----------] Global test environment set-up.
[----------] 1 test from MemberTest
[ RUN      ] MemberTest.DisplayInfo
[       OK ] MemberTest.DisplayInfo (0 ms)
[----------] 1 test from MemberTest (0 ms total)

[----------] 1 test from TrainerTest
[ RUN      ] TrainerTest.DisplayInfo
[       OK ] TrainerTest.DisplayInfo (0 ms)
[----------] 1 test from TrainerTest (0 ms total)

[----------] 1 test from AdminTest
[ RUN      ] AdminTest.DisplayInfo
[       OK ] AdminTest.DisplayInfo (0 ms)
[----------] 1 test from AdminTest (0 ms total)

[----------] 1 test from WorkoutTest
[ RUN      ] WorkoutTest.DurationInHours
[       OK ] WorkoutTest.DurationInHours (0 ms)
[----------] 1 test from WorkoutTest (0 ms total)

[----------] 1 test from FitnessClassTest
[ RUN      ] FitnessClassTest.GetName
[       OK ] FitnessClassTest.GetName (0 ms)
[----------] 1 test from FitnessClassTest (0 ms total)

[----------] 1 test from PaymentTest
[ RUN      ] PaymentTest.IsFeeCorrect
[       OK ] PaymentTest.IsFeeCorrect (0 ms)
[----------] 1 test from PaymentTest (0 ms total)

[----------] 1 test from LocationTest
[ RUN      ] LocationTest.GetAddress
[       OK ] LocationTest.GetAddress (0 ms)
[----------] 1 test from LocationTest (0 ms total)

[----------] 1 test from EventTest
[ RUN      ] EventTest.GetName
[       OK ] EventTest.GetName (0 ms)
[----------] 1 test from EventTest (0 ms total)

[----------] 1 test from NutritionPlanTest
[ RUN      ] NutritionPlanTest.GetDetails
[       OK ] NutritionPlanTest.GetDetails (0 ms)
[----------] 1 test from NutritionPlanTest (0 ms total)

[----------] 1 test from ScheduleTest
[ RUN      ] ScheduleTest.AddWorkout
[       OK ] ScheduleTest.AddWorkout (0 ms)
[----------] 1 test from ScheduleTest (0 ms total)

[----------] 1 test from GoalTest
[ RUN      ] GoalTest.GetDescription
[       OK ] GoalTest.GetDescription (0 ms)
[----------] 1 test from GoalTest (0 ms total)

[----------] 1 test from FeedbackTest
[ RUN      ] FeedbackTest.GetComment
[       OK ] FeedbackTest.GetComment (0 ms)
[----------] 1 test from FeedbackTest (0 ms total)

[----------] 1 test from SessionTest
[ RUN      ] SessionTest.GetSessionDate
[       OK ] SessionTest.GetSessionDate (0 ms)
[----------] 1 test from SessionTest (0 ms total)

[----------] Global test environment tear-down
[==========] 13 tests from 13 test suites ran. (0 ms total)
[  PASSED  ] 13 tests.
libgcov profiling error:/home/glebas/Desktop/ППОИС/lab3/build/CMakeFiles/my_tests.dir/SportClub.cpp.gcda:overwriting an existing profile data with a different timestamp
libgcov profiling error:/home/glebas/Desktop/ППОИС/lab3/build/CMakeFiles/my_tests.dir/SportClubTest.cpp.gcda:overwriting an existing profile data with a different timestamp
<end of output>
Test time =   0.01 sec
----------------------------------------------------------
Test Passed.
"MyTest" end time: Nov 23 09:45 +03
"MyTest" time elapsed: 00:00:00
----------------------------------------------------------

End testing: Nov 23 09:45 +03
